[debug] [2021-11-26T13:37:48.951Z] ----------------------------------------------------------------------
[debug] [2021-11-26T13:37:48.956Z] Command:       C:\Program Files\nodejs\node.exe C:\Users\ALBERT NGAH JAFF\AppData\Roaming\npm\node_modules\firebase-tools\lib\bin\firebase.js init
[debug] [2021-11-26T13:37:48.958Z] CLI Version:   9.23.0
[debug] [2021-11-26T13:37:48.958Z] Platform:      win32
[debug] [2021-11-26T13:37:48.959Z] Node Version:  v14.15.1
[debug] [2021-11-26T13:37:48.963Z] Time:          Fri Nov 26 2021 14:37:48 GMT+0100 (West Africa Standard Time)
[debug] [2021-11-26T13:37:48.963Z] ----------------------------------------------------------------------
[debug] 
[debug] [2021-11-26T13:37:48.991Z] > command requires scopes: ["email","openid","https://www.googleapis.com/auth/cloudplatformprojects.readonly","https://www.googleapis.com/auth/firebase","https://www.googleapis.com/auth/cloud-platform"]
[debug] [2021-11-26T13:37:48.991Z] > authorizing via signed-in user (gleealbert307@gmail.com)
[info] 
     ######## #### ########  ######## ########     ###     ######  ########
     ##        ##  ##     ## ##       ##     ##  ##   ##  ##       ##
     ######    ##  ########  ######   ########  #########  ######  ######
     ##        ##  ##    ##  ##       ##     ## ##     ##       ## ##
     ##       #### ##     ## ######## ########  ##     ##  ######  ########

You're about to initialize a Firebase project in this directory:

  C:\Users\ALBERT NGAH JAFF\Desktop\sevenLevelFour\project

[debug] [2021-11-26T13:39:15.584Z] ----------------------------------------------------------------------
[debug] [2021-11-26T13:39:15.590Z] Command:       C:\Program Files\nodejs\node.exe C:\Users\ALBERT NGAH JAFF\AppData\Roaming\npm\node_modules\firebase-tools\lib\bin\firebase.js login
[debug] [2021-11-26T13:39:15.591Z] CLI Version:   9.23.0
[debug] [2021-11-26T13:39:15.592Z] Platform:      win32
[debug] [2021-11-26T13:39:15.592Z] Node Version:  v14.15.1
[debug] [2021-11-26T13:39:15.595Z] Time:          Fri Nov 26 2021 14:39:15 GMT+0100 (West Africa Standard Time)
[debug] [2021-11-26T13:39:15.596Z] ----------------------------------------------------------------------
[debug] 
[info] Already logged in as gleealbert307@gmail.com
